<?xml version="1.0" encoding="UTF-8"?>
<testsuite name="employee.EmployeeAppTest" tests="1" skipped="0" failures="0" errors="0" timestamp="2022-06-07T18:20:43" hostname="Pankajs-MacBook-Air.local" time="0.003">
  <properties/>
  <testcase name="testData" classname="employee.EmployeeAppTest" time="0.003"/>
  <system-out><![CDATA[]]></system-out>
  <system-err><![CDATA[]]></system-err>
</testsuite>
